{"event": "-- Running NETNET Backtest --", "logger": "main", "level": "info", "func_name": "<module>", "timestamp": "2025-09-16T18:31:29.075272Z"}
{"event": "jquant_tickers/jquant_tickers_2024_12_21.txt exists, skipping to next date..", "logger": "cli", "level": "info", "func_name": "get_tickers_for_dates", "timestamp": "2025-09-16T18:31:30.788480Z"}
{"event": "jquant_tickers/jquant_tickers_2023_12_21.txt exists, skipping to next date..", "logger": "cli", "level": "info", "func_name": "get_tickers_for_dates", "timestamp": "2025-09-16T18:31:30.789258Z"}
{"event": "jquant_tickers/jquant_tickers_2022_12_21.txt exists, skipping to next date..", "logger": "cli", "level": "info", "func_name": "get_tickers_for_dates", "timestamp": "2025-09-16T18:31:30.789844Z"}
{"event": "jquant_tickers/jquant_tickers_2021_12_21.txt exists, skipping to next date..", "logger": "cli", "level": "info", "func_name": "get_tickers_for_dates", "timestamp": "2025-09-16T18:31:30.795362Z"}
{"event": "jquant_tickers/jquant_tickers_2020_12_21.txt exists, skipping to next date..", "logger": "cli", "level": "info", "func_name": "get_tickers_for_dates", "timestamp": "2025-09-16T18:31:30.795998Z"}
{"event": "jquant_tickers/jquant_tickers_2019_12_21.txt exists, skipping to next date..", "logger": "cli", "level": "info", "func_name": "get_tickers_for_dates", "timestamp": "2025-09-16T18:31:30.796531Z"}
{"event": "jquant_tickers/jquant_tickers_2018_12_21.txt exists, skipping to next date..", "logger": "cli", "level": "info", "func_name": "get_tickers_for_dates", "timestamp": "2025-09-16T18:31:30.797061Z"}
{"event": "jquant_tickers/jquant_tickers_2016_12_21.txt exists, skipping to next date..", "logger": "cli", "level": "info", "func_name": "get_tickers_for_dates", "timestamp": "2025-09-16T18:31:30.797589Z"}
{"event": "jquant_tickers/jquant_tickers_2014_12_21.txt exists, skipping to next date..", "logger": "cli", "level": "info", "func_name": "get_tickers_for_dates", "timestamp": "2025-09-16T18:31:30.798084Z"}
{"event": "jquant_tickers/jquant_tickers_2008_12_21.txt exists, skipping to next date..", "logger": "cli", "level": "info", "func_name": "get_tickers_for_dates", "timestamp": "2025-09-16T18:31:30.798576Z"}
{"event": "*** Running for analysis date: 2024-12-21 ***", "logger": "main", "level": "info", "func_name": "<module>", "timestamp": "2025-09-16T18:31:30.799304Z"}
{"event": "66 fs_details acquired for params={'code': '17950'}", "logger": "cli", "level": "info", "func_name": "query_endpoint", "timestamp": "2025-09-16T18:31:32.585476Z"}
{"event": "110 statements acquired for params={'code': '17950'}", "logger": "cli", "level": "info", "func_name": "query_endpoint", "timestamp": "2025-09-16T18:31:34.524312Z"}
{"event": "1 daily_quotes acquired for params={'code': '17950', 'date': '2024-11-14'}", "logger": "cli", "level": "info", "func_name": "query_ohlc", "timestamp": "2025-09-16T18:31:35.846546Z"}
{"event": "70 fs_details acquired for params={'code': '17980'}", "logger": "cli", "level": "info", "func_name": "query_endpoint", "timestamp": "2025-09-16T18:31:37.593168Z"}
{"event": "104 statements acquired for params={'code': '17980'}", "logger": "cli", "level": "info", "func_name": "query_endpoint", "timestamp": "2025-09-16T18:31:39.402366Z"}
{"event": "1 daily_quotes acquired for params={'code': '17980', 'date': '2024-10-31'}", "logger": "cli", "level": "info", "func_name": "query_ohlc", "timestamp": "2025-09-16T18:31:40.737051Z"}
{"event": "66 fs_details acquired for params={'code': '17990'}", "logger": "cli", "level": "info", "func_name": "query_endpoint", "timestamp": "2025-09-16T18:31:42.860173Z"}
{"event": "84 statements acquired for params={'code': '17990'}", "logger": "cli", "level": "info", "func_name": "query_endpoint", "timestamp": "2025-09-16T18:31:44.314430Z"}
{"event": "1 daily_quotes acquired for params={'code': '17990', 'date': '2024-11-06'}", "logger": "cli", "level": "info", "func_name": "query_ohlc", "timestamp": "2025-09-16T18:31:45.611578Z"}
{"event": "empty fs_details data for params={'code': '179A0'}", "logger": "cli", "level": "warning", "func_name": "query_endpoint", "timestamp": "2025-09-16T18:31:46.962706Z"}
{"event": "66 fs_details acquired for params={'code': '18010'}", "logger": "cli", "level": "info", "func_name": "query_endpoint", "timestamp": "2025-09-16T18:31:48.869708Z"}
{"event": "95 statements acquired for params={'code': '18010'}", "logger": "cli", "level": "info", "func_name": "query_endpoint", "timestamp": "2025-09-16T18:31:50.602190Z"}
{"event": "1 daily_quotes acquired for params={'code': '18010', 'date': '2024-11-07'}", "logger": "cli", "level": "info", "func_name": "query_ohlc", "timestamp": "2025-09-16T18:31:51.871519Z"}
{"event": "66 fs_details acquired for params={'code': '18020'}", "logger": "cli", "level": "info", "func_name": "query_endpoint", "timestamp": "2025-09-16T18:31:53.937403Z"}
{"event": "93 statements acquired for params={'code': '18020'}", "logger": "cli", "level": "info", "func_name": "query_endpoint", "timestamp": "2025-09-16T18:31:55.674145Z"}
{"event": "1 daily_quotes acquired for params={'code': '18020', 'date': '2024-11-11'}", "logger": "cli", "level": "info", "func_name": "query_ohlc", "timestamp": "2025-09-16T18:31:56.987403Z"}
{"event": "66 fs_details acquired for params={'code': '18030'}", "logger": "cli", "level": "info", "func_name": "query_endpoint", "timestamp": "2025-09-16T18:31:58.827197Z"}
{"event": "90 statements acquired for params={'code': '18030'}", "logger": "cli", "level": "info", "func_name": "query_endpoint", "timestamp": "2025-09-16T18:32:00.661964Z"}
